{"numTotalTestSuites":2,"numPassedTestSuites":2,"numFailedTestSuites":0,"numPendingTestSuites":0,"numTotalTests":194,"numPassedTests":194,"numFailedTests":0,"numPendingTests":0,"numTodoTests":0,"snapshot":{"added":0,"failure":false,"filesAdded":0,"filesRemoved":0,"filesRemovedList":[],"filesUnmatched":0,"filesUpdated":0,"matched":0,"total":0,"unchecked":0,"uncheckedKeysByFile":[],"unmatched":0,"updated":0,"didUpdate":false},"startTime":1782625633186,"success":true,"testResults":[{"assertionResults":[{"ancestorTitles":["AppsPage"],"fullName":"AppsPage renders the app panel with search, category filter, pinned apps, and app studio entry","status":"passed","title":"renders the app panel with search, category filter, pinned apps, and app studio entry","duration":95.31700000000001,"failureMessages":[],"meta":{},"tags":[]},{"ancestorTitles":["AppsPage"],"fullName":"AppsPage renders the app panel operation section without changing app category counts","status":"passed","title":"renders the app panel operation section without changing app category counts","duration":23.57820000000038,"failureMessages":[],"meta":{},"tags":[]},{"ancestorTitles":["AppsPage"],"fullName":"AppsPage opens global approval management from the operation section","status":"passed","title":"opens global approval management from the operation section","duration":58.478000000000065,"failureMessages":[],"meta":{},"tags":[]},{"ancestorTitles":["AppsPage"],"fullName":"AppsPage keeps the approval detail pane distinct when no instance is selected","status":"passed","title":"keeps the approval detail pane distinct when no instance is selected","duration":20.504699999999957,"failureMessages":[],"meta":{},"tags":[]},{"ancestorTitles":["AppsPage"],"fullName":"AppsPage shows DataSrv approval app summary with approval result filters","status":"passed","title":"shows DataSrv approval app summary with approval result filters","duration":288.2334000000001,"failureMessages":[],"meta":{},"tags":[]},{"ancestorTitles":["AppsPage"],"fullName":"AppsPage does not repeat pinned apps in the main icon grid","status":"passed","title":"does not repeat pinned apps in the main icon grid","duration":16.40020000000004,"failureMessages":[],"meta":{},"tags":[]},{"ancestorTitles":["AppsPage"],"fullName":"AppsPage moves app tile focus with arrow keys","status":"passed","title":"moves app tile focus with arrow keys","duration":22.06880000000001,"failureMessages":[],"meta":{},"tags":[]},{"ancestorTitles":["AppsPage"],"fullName":"AppsPage shows pin actions from the app tile context menu","status":"passed","title":"shows pin actions from the app tile context menu","duration":75.52400000000034,"failureMessages":[],"meta":{},"tags":[]},{"ancestorTitles":["AppsPage"],"fullName":"AppsPage shows app name, status, source, and recent usage in tile tooltips","status":"passed","title":"shows app name, status, source, and recent usage in tile tooltips","duration":82.4692,"failureMessages":[],"meta":{},"tags":[]},{"ancestorTitles":["AppsPage"],"fullName":"AppsPage places approval workspaces before right-side output so the center column starts at the top","status":"passed","title":"places approval workspaces before right-side output so the center column starts at the top","duration":138.58619999999974,"failureMessages":[],"meta":{},"tags":[]},{"ancestorTitles":["AppsPage"],"fullName":"AppsPage reflects DataSrv dependency state in app tile tooltips","status":"passed","title":"reflects DataSrv dependency state in app tile tooltips","duration":21.625499999999647,"failureMessages":[],"meta":{},"tags":[]},{"ancestorTitles":["AppsPage"],"fullName":"AppsPage shows one live draft manifest preview in app studio create tab","status":"passed","title":"shows one live draft manifest preview in app studio create tab","duration":88.31510000000026,"failureMessages":[],"meta":{},"tags":[]},{"ancestorTitles":["AppsPage"],"fullName":"AppsPage hides the Skill apps discovery card when no Skill apps are found","status":"passed","title":"hides the Skill apps discovery card when no Skill apps are found","duration":61.291999999999916,"failureMessages":[],"meta":{},"tags":[]},{"ancestorTitles":["AppsPage"],"fullName":"AppsPage does not flash the Skill apps discovery card while scanning with no candidates yet","status":"passed","title":"does not flash the Skill apps discovery card while scanning with no candidates yet","duration":95.53780000000006,"failureMessages":[],"meta":{},"tags":[]},{"ancestorTitles":["AppsPage"],"fullName":"AppsPage shows a clear Skill app discovery error without claiming apps were synced","status":"passed","title":"shows a clear Skill app discovery error without claiming apps were synced","duration":121.64849999999979,"failureMessages":[],"meta":{},"tags":[]},{"ancestorTitles":["AppsPage"],"fullName":"AppsPage shows friendly Skill app discovery text when candidates exist","status":"passed","title":"shows friendly Skill app discovery text when candidates exist","duration":146.49179999999978,"failureMessages":[],"meta":{},"tags":[]},{"ancestorTitles":["AppsPage"],"fullName":"AppsPage deduplicates repeated Skill app discovery entries","status":"passed","title":"deduplicates repeated Skill app discovery entries","duration":111.02959999999985,"failureMessages":[],"meta":{},"tags":[]},{"ancestorTitles":["AppsPage"],"fullName":"AppsPage saves a tool app definition into an existing skill","status":"passed","title":"saves a tool app definition into an existing skill","duration":181.60449999999946,"failureMessages":[],"meta":{},"tags":[]},{"ancestorTitles":["AppsPage"],"fullName":"AppsPage saves a newly created enterprise approval app into its app skill definition","status":"passed","title":"saves a newly created enterprise approval app into its app skill definition","duration":178.52930000000015,"failureMessages":[],"meta":{},"tags":[]},{"ancestorTitles":["AppsPage"],"fullName":"AppsPage requires a successful current-version test before uploading a skill app","status":"passed","title":"requires a successful current-version test before uploading a skill app","duration":82.7510999999995,"failureMessages":[],"meta":{},"tags":[]},{"ancestorTitles":["AppsPage"],"fullName":"AppsPage saves the latest tool app definition before uploading to SkillMarket","status":"passed","title":"saves the latest tool app definition before uploading to SkillMarket","duration":99.08830000000034,"failureMessages":[],"meta":{},"tags":[]},{"ancestorTitles":["AppsPage"],"fullName":"AppsPage hides stale SkillMarket results when the picker query changes","status":"passed","title":"hides stale SkillMarket results when the picker query changes","duration":48.81660000000011,"failureMessages":[],"meta":{},"tags":[]},{"ancestorTitles":["AppsPage"],"fullName":"AppsPage shows an empty market state when search results only duplicate installed skills","status":"passed","title":"shows an empty market state when search results only duplicate installed skills","duration":59.27679999999964,"failureMessages":[],"meta":{},"tags":[]},{"ancestorTitles":["AppsPage"],"fullName":"AppsPage shows SkillMarket results above the installed skill list","status":"passed","title":"shows SkillMarket results above the installed skill list","duration":53.19999999999982,"failureMessages":[],"meta":{},"tags":[]},{"ancestorTitles":["AppsPage"],"fullName":"AppsPage ignores slower SkillMarket responses after a newer search completes","status":"passed","title":"ignores slower SkillMarket responses after a newer search completes","duration":53.90719999999965,"failureMessages":[],"meta":{},"tags":[]},{"ancestorTitles":["AppsPage"],"fullName":"AppsPage exposes app studio sections as accessible tabs","status":"passed","title":"exposes app studio sections as accessible tabs","duration":64.53729999999996,"failureMessages":[],"meta":{},"tags":[]},{"ancestorTitles":["AppsPage"],"fullName":"AppsPage shows local apps in the review and publish checklist","status":"passed","title":"shows local apps in the review and publish checklist","duration":144.8140000000003,"failureMessages":[],"meta":{},"tags":[]},{"ancestorTitles":["AppsPage"],"fullName":"AppsPage blocks publish readiness when workspace layout misses required region roles","status":"passed","title":"blocks publish readiness when workspace layout misses required region roles","duration":75.21339999999964,"failureMessages":[],"meta":{},"tags":[]},{"ancestorTitles":["AppsPage"],"fullName":"AppsPage submits ready local apps into local review state","status":"passed","title":"submits ready local apps into local review state","duration":306.5129999999999,"failureMessages":[],"meta":{},"tags":[]},{"ancestorTitles":["AppsPage"],"fullName":"AppsPage shows returned review status and allows resubmission","status":"passed","title":"shows returned review status and allows resubmission","duration":126.66280000000006,"failureMessages":[],"meta":{},"tags":[]},{"ancestorTitles":["AppsPage"],"fullName":"AppsPage opens market import with the current app manifest when review dependency issues need repair","status":"passed","title":"opens market import with the current app manifest when review dependency issues need repair","duration":81.59339999999975,"failureMessages":[],"meta":{},"tags":[]},{"ancestorTitles":["AppsPage"],"fullName":"AppsPage blocks app package review submission when required dependencies are unavailable","status":"passed","title":"blocks app package review submission when required dependencies are unavailable","duration":106.58650000000034,"failureMessages":[],"meta":{},"tags":[]},{"ancestorTitles":["AppsPage"],"fullName":"AppsPage uses the enterprise market bridge when submitting app packages","status":"passed","title":"uses the enterprise market bridge when submitting app packages","duration":133.83629999999994,"failureMessages":[],"meta":{},"tags":[]},{"ancestorTitles":["AppsPage"],"fullName":"AppsPage requires run evidence to cover the declared primary result contract","status":"passed","title":"requires run evidence to cover the declared primary result contract","duration":151.51850000000013,"failureMessages":[],"meta":{},"tags":[]},{"ancestorTitles":["AppsPage"],"fullName":"AppsPage requires dependency verification to cover declared app Skill dependencies before publishing","status":"passed","title":"requires dependency verification to cover declared app Skill dependencies before publishing","duration":130.78880000000026,"failureMessages":[],"meta":{},"tags":[]},{"ancestorTitles":["AppsPage"],"fullName":"AppsPage requires approval instance evidence before publishing approval apps","status":"passed","title":"requires approval instance evidence before publishing approval apps","duration":183.21979999999985,"failureMessages":[],"meta":{},"tags":[]},{"ancestorTitles":["AppsPage"],"fullName":"AppsPage blocks approval app publish submission when workflow contract verification fails","status":"passed","title":"blocks approval app publish submission when workflow contract verification fails","duration":70.92169999999987,"failureMessages":[],"meta":{},"tags":[]},{"ancestorTitles":["AppsPage"],"fullName":"AppsPage includes enterprise visual UI metadata in market submission packages","status":"passed","title":"includes enterprise visual UI metadata in market submission packages","duration":66.52520000000004,"failureMessages":[],"meta":{},"tags":[]},{"ancestorTitles":["AppsPage"],"fullName":"AppsPage keeps imported DataSrv dependency evidence when republishing app packages","status":"passed","title":"keeps imported DataSrv dependency evidence when republishing app packages","duration":65.14909999999963,"failureMessages":[],"meta":{},"tags":[]},{"ancestorTitles":["AppsPage"],"fullName":"AppsPage uses install evidence test records when republishing cold-start app packages","status":"passed","title":"uses install evidence test records when republishing cold-start app packages","duration":55.80450000000019,"failureMessages":[],"meta":{},"tags":[]},{"ancestorTitles":["AppsPage"],"fullName":"AppsPage republishes cold-start approval apps from Hub install evidence","status":"passed","title":"republishes cold-start approval apps from Hub install evidence","duration":59.149999999999636,"failureMessages":[],"meta":{},"tags":[]},{"ancestorTitles":["AppsPage"],"fullName":"AppsPage treats imported run evidence as stale after dynamic UI layout changes","status":"passed","title":"treats imported run evidence as stale after dynamic UI layout changes","duration":50.473400000000765,"failureMessages":[],"meta":{},"tags":[]},{"ancestorTitles":["AppsPage"],"fullName":"AppsPage treats imported run evidence as stale after result contract changes","status":"passed","title":"treats imported run evidence as stale after result contract changes","duration":44.57049999999981,"failureMessages":[],"meta":{},"tags":[]},{"ancestorTitles":["AppsPage"],"fullName":"AppsPage treats imported run evidence as stale after test protocol changes","status":"passed","title":"treats imported run evidence as stale after test protocol changes","duration":51.073599999999715,"failureMessages":[],"meta":{},"tags":[]},{"ancestorTitles":["AppsPage"],"fullName":"AppsPage keeps local channel when the app package bridge queues locally","status":"passed","title":"keeps local channel when the app package bridge queues locally","duration":168.11369999999988,"failureMessages":[],"meta":{},"tags":[]},{"ancestorTitles":["AppsPage"],"fullName":"AppsPage withdraws local app package submissions from the durable queue","status":"passed","title":"withdraws local app package submissions from the durable queue","duration":189.57369999999992,"failureMessages":[],"meta":{},"tags":[]},{"ancestorTitles":["AppsPage"],"fullName":"AppsPage shows local app package submission queue summaries","status":"passed","title":"shows local app package submission queue summaries","duration":59.767399999999725,"failureMessages":[],"meta":{},"tags":[]},{"ancestorTitles":["AppsPage"],"fullName":"AppsPage shows a loading state while reading the local submission queue","status":"passed","title":"shows a loading state while reading the local submission queue","duration":41.721700000000055,"failureMessages":[],"meta":{},"tags":[]},{"ancestorTitles":["AppsPage"],"fullName":"AppsPage installs an approved Hub app directly from the publish queue","status":"passed","title":"installs an approved Hub app directly from the publish queue","duration":101.48800000000028,"failureMessages":[],"meta":{},"tags":[]},{"ancestorTitles":["AppsPage"],"fullName":"AppsPage shows detailed Hub app install errors from the backend review gate","status":"passed","title":"shows detailed Hub app install errors from the backend review gate","duration":88.29710000000068,"failureMessages":[],"meta":{},"tags":[]},{"ancestorTitles":["AppsPage"],"fullName":"AppsPage refreshes local app package submission queue summaries on demand","status":"passed","title":"refreshes local app package submission queue summaries on demand","duration":82.82899999999972,"failureMessages":[],"meta":{},"tags":[]},{"ancestorTitles":["AppsPage"],"fullName":"AppsPage copies full queued app package details from the durable queue","status":"passed","title":"copies full queued app package details from the durable queue","duration":108.22040000000015,"failureMessages":[],"meta":{},"tags":[]},{"ancestorTitles":["AppsPage"],"fullName":"AppsPage shows inline queued app package audit details","status":"passed","title":"shows inline queued app package audit details","duration":83.26879999999983,"failureMessages":[],"meta":{},"tags":[]},{"ancestorTitles":["AppsPage"],"fullName":"AppsPage merges durable queue review status into local publish cards","status":"passed","title":"merges durable queue review status into local publish cards","duration":523.3356000000003,"failureMessages":[],"meta":{},"tags":[]},{"ancestorTitles":["AppsPage"],"fullName":"AppsPage updates the draft manifest preview while creating an app","status":"passed","title":"updates the draft manifest preview while creating an app","duration":89.29219999999987,"failureMessages":[],"meta":{},"tags":[]},{"ancestorTitles":["AppsPage"],"fullName":"AppsPage offers expanded semantic app icons in app studio","status":"passed","title":"offers expanded semantic app icons in app studio","duration":226.07850000000144,"failureMessages":[],"meta":{},"tags":[]},{"ancestorTitles":["AppsPage"],"fullName":"AppsPage generates a draft app definition from a natural language prompt","status":"passed","title":"generates a draft app definition from a natural language prompt","duration":98.63529999999992,"failureMessages":[],"meta":{},"tags":[]},{"ancestorTitles":["AppsPage"],"fullName":"AppsPage uses studio type choices as create-form presets","status":"passed","title":"uses studio type choices as create-form presets","duration":144.87870000000112,"failureMessages":[],"meta":{},"tags":[]},{"ancestorTitles":["AppsPage"],"fullName":"AppsPage opens the current Hub approval workflow designer from App Studio","status":"passed","title":"opens the current Hub approval workflow designer from App Studio","duration":268.41140000000087,"failureMessages":[],"meta":{},"tags":[]},{"ancestorTitles":["AppsPage"],"fullName":"AppsPage writes enterprise app skill dependencies from selected installed and market skills","status":"passed","title":"writes enterprise app skill dependencies from selected installed and market skills","duration":243.94350000000122,"failureMessages":[],"meta":{},"tags":[]},{"ancestorTitles":["AppsPage"],"fullName":"AppsPage saves visual approval workflow node mappings into created manifests","status":"passed","title":"saves visual approval workflow node mappings into created manifests","duration":127.95920000000115,"failureMessages":[],"meta":{},"tags":[]},{"ancestorTitles":["AppsPage"],"fullName":"AppsPage includes tool app input and output modes in draft manifests","status":"passed","title":"includes tool app input and output modes in draft manifests","duration":108.21229999999923,"failureMessages":[],"meta":{},"tags":[]},{"ancestorTitles":["AppsPage"],"fullName":"AppsPage saves app studio layout choices into app manifests","status":"passed","title":"saves app studio layout choices into app manifests","duration":146.91259999999966,"failureMessages":[],"meta":{},"tags":[]},{"ancestorTitles":["AppsPage"],"fullName":"AppsPage honors saved workspace region placements over summary layout fields","status":"passed","title":"honors saved workspace region placements over summary layout fields","duration":25.8734000000004,"failureMessages":[],"meta":{},"tags":[]},{"ancestorTitles":["AppsPage"],"fullName":"AppsPage creates draft tool apps with multiple file input enabled","status":"passed","title":"creates draft tool apps with multiple file input enabled","duration":76.2492999999995,"failureMessages":[],"meta":{},"tags":[]},{"ancestorTitles":["AppsPage"],"fullName":"AppsPage adds structured fields to draft tool app manifests","status":"passed","title":"adds structured fields to draft tool app manifests","duration":106.11199999999917,"failureMessages":[],"meta":{},"tags":[]},{"ancestorTitles":["AppsPage"],"fullName":"AppsPage generates an enterprise app draft from MIS-style prompts","status":"passed","title":"generates an enterprise app draft from MIS-style prompts","duration":112.48439999999937,"failureMessages":[],"meta":{},"tags":[]},{"ancestorTitles":["AppsPage"],"fullName":"AppsPage shows and saves the visual result contract in App Studio drafts","status":"passed","title":"shows and saves the visual result contract in App Studio drafts","duration":263.03679999999986,"failureMessages":[],"meta":{},"tags":[]},{"ancestorTitles":["AppsPage"],"fullName":"AppsPage saves visual result contract edits from App Studio","status":"passed","title":"saves visual result contract edits from App Studio","duration":209.59670000000006,"failureMessages":[],"meta":{},"tags":[]},{"ancestorTitles":["AppsPage"],"fullName":"AppsPage saves visual workspace region visibility and applies it in the runtime panel","status":"passed","title":"saves visual workspace region visibility and applies it in the runtime panel","duration":350.02319999999963,"failureMessages":[],"meta":{},"tags":[]},{"ancestorTitles":["AppsPage"],"fullName":"AppsPage moves workspace regions from the visual layout preview into saved manifest regions","status":"passed","title":"moves workspace regions from the visual layout preview into saved manifest regions","duration":316.15530000000035,"failureMessages":[],"meta":{},"tags":[]},{"ancestorTitles":["AppsPage"],"fullName":"AppsPage copies the draft manifest preview to clipboard","status":"passed","title":"copies the draft manifest preview to clipboard","duration":70.371000000001,"failureMessages":[],"meta":{},"tags":[]},{"ancestorTitles":["AppsPage"],"fullName":"AppsPage resets the draft manifest copy state after the draft changes","status":"passed","title":"resets the draft manifest copy state after the draft changes","duration":67.52790000000095,"failureMessages":[],"meta":{},"tags":[]},{"ancestorTitles":["AppsPage"],"fullName":"AppsPage keeps the draft manifest preview target mounted when collapsed","status":"passed","title":"keeps the draft manifest preview target mounted when collapsed","duration":43.696500000000015,"failureMessages":[],"meta":{},"tags":[]},{"ancestorTitles":["AppsPage"],"fullName":"AppsPage creates a local app entry from app studio","status":"passed","title":"creates a local app entry from app studio","duration":52.86979999999858,"failureMessages":[],"meta":{},"tags":[]},{"ancestorTitles":["AppsPage"],"fullName":"AppsPage creates schema-safe ascii ids for local apps with Chinese names","status":"passed","title":"creates schema-safe ascii ids for local apps with Chinese names","duration":80.59079999999994,"failureMessages":[],"meta":{},"tags":[]},{"ancestorTitles":["AppsPage"],"fullName":"AppsPage migrates legacy locally-created apps from Local/Market source to Local","status":"passed","title":"migrates legacy locally-created apps from Local/Market source to Local","duration":51.0708999999988,"failureMessages":[],"meta":{},"tags":[]},{"ancestorTitles":["AppsPage"],"fullName":"AppsPage filters apps by category","status":"passed","title":"filters apps by category","duration":34.18299999999908,"failureMessages":[],"meta":{},"tags":[]},{"ancestorTitles":["AppsPage"],"fullName":"AppsPage searches app bindings, source, type, and output modes","status":"passed","title":"searches app bindings, source, type, and output modes","duration":39.59050000000025,"failureMessages":[],"meta":{},"tags":[]},{"ancestorTitles":["AppsPage"],"fullName":"AppsPage tracks recently used apps from opening and execution","status":"passed","title":"tracks recently used apps from opening and execution","duration":72.22990000000027,"failureMessages":[],"meta":{},"tags":[]},{"ancestorTitles":["AppsPage"],"fullName":"AppsPage opens clicked apps as runtime tabs on the right","status":"passed","title":"opens clicked apps as runtime tabs on the right","duration":35.37710000000152,"failureMessages":[],"meta":{},"tags":[]},{"ancestorTitles":["AppsPage"],"fullName":"AppsPage exposes runtime tabs as accessible tabs with a labelled panel","status":"passed","title":"exposes runtime tabs as accessible tabs with a labelled panel","duration":69.26809999999932,"failureMessages":[],"meta":{},"tags":[]},{"ancestorTitles":["AppsPage"],"fullName":"AppsPage moves between runtime tabs from the keyboard","status":"passed","title":"moves between runtime tabs from the keyboard","duration":58.803899999998976,"failureMessages":[],"meta":{},"tags":[]},{"ancestorTitles":["AppsPage"],"fullName":"AppsPage records and completes an approval instance when running an approval app","status":"passed","title":"records and completes an approval instance when running an approval app","duration":92.93580000000111,"failureMessages":[],"meta":{},"tags":[]},{"ancestorTitles":["AppsPage"],"fullName":"AppsPage publishes approval app evidence from an actual workflow run","status":"passed","title":"publishes approval app evidence from an actual workflow run","duration":119.92189999999937,"failureMessages":[],"meta":{},"tags":[]},{"ancestorTitles":["AppsPage"],"fullName":"AppsPage uses approvalBindings as the runtime workflow source for approval apps","status":"passed","title":"uses approvalBindings as the runtime workflow source for approval apps","duration":109.48610000000008,"failureMessages":[],"meta":{},"tags":[]},{"ancestorTitles":["AppsPage"],"fullName":"AppsPage passes workflow node mapping into approval skill runs and approval instances","status":"passed","title":"passes workflow node mapping into approval skill runs and approval instances","duration":81.62569999999869,"failureMessages":[],"meta":{},"tags":[]},{"ancestorTitles":["AppsPage"],"fullName":"AppsPage does not record approval instance when workflow skill launch fails","status":"passed","title":"does not record approval instance when workflow skill launch fails","duration":37.71439999999893,"failureMessages":[],"meta":{},"tags":[]},{"ancestorTitles":["AppsPage"],"fullName":"AppsPage marks approval workflow failures as attention results","status":"passed","title":"marks approval workflow failures as attention results","duration":55.69000000000051,"failureMessages":[],"meta":{},"tags":[]},{"ancestorTitles":["AppsPage"],"fullName":"AppsPage keeps approval instance detail scoped to the selected lane and row","status":"passed","title":"keeps approval instance detail scoped to the selected lane and row","duration":70.14999999999964,"failureMessages":[],"meta":{},"tags":[]},{"ancestorTitles":["AppsPage"],"fullName":"AppsPage records approval decisions with workflow result fields","status":"passed","title":"records approval decisions with workflow result fields","duration":54.20470000000023,"failureMessages":[],"meta":{},"tags":[]},{"ancestorTitles":["AppsPage"],"fullName":"AppsPage records DataSrv sync failures in approval instance timelines","status":"passed","title":"records DataSrv sync failures in approval instance timelines","duration":71.7429000000011,"failureMessages":[],"meta":{},"tags":[]},{"ancestorTitles":["AppsPage"],"fullName":"AppsPage keeps approval result package when a pending item is manually approved","status":"passed","title":"keeps approval result package when a pending item is manually approved","duration":54.38520000000062,"failureMessages":[],"meta":{},"tags":[]},{"ancestorTitles":["AppsPage"],"fullName":"AppsPage shows the approval instance workspace for approval apps","status":"passed","title":"shows the approval instance workspace for approval apps","duration":134.1859999999997,"failureMessages":[],"meta":{},"tags":[]},{"ancestorTitles":["AppsPage"],"fullName":"AppsPage keeps handled approval workspace items read-only","status":"passed","title":"keeps handled approval workspace items read-only","duration":54.79199999999946,"failureMessages":[],"meta":{},"tags":[]},{"ancestorTitles":["AppsPage"],"fullName":"AppsPage shows an empty runtime area until an app icon is clicked","status":"passed","title":"shows an empty runtime area until an app icon is clicked","duration":67.03889999999956,"failureMessages":[],"meta":{},"tags":[]},{"ancestorTitles":["AppsPage"],"fullName":"AppsPage closes runtime tabs and activates the remaining app","status":"passed","title":"closes runtime tabs and activates the remaining app","duration":44.06739999999991,"failureMessages":[],"meta":{},"tags":[]},{"ancestorTitles":["AppsPage"],"fullName":"AppsPage returns to the empty runtime when the last app tab is closed","status":"passed","title":"returns to the empty runtime when the last app tab is closed","duration":25.410400000000664,"failureMessages":[],"meta":{},"tags":[]},{"ancestorTitles":["AppsPage"],"fullName":"AppsPage runs a fixed skill app with file input and output mode","status":"passed","title":"runs a fixed skill app with file input and output mode","duration":39.3742000000002,"failureMessages":[],"meta":{},"tags":[]},{"ancestorTitles":["AppsPage"],"fullName":"AppsPage renders form-only tool apps without a file drop zone","status":"passed","title":"renders form-only tool apps without a file drop zone","duration":108.43529999999919,"failureMessages":[],"meta":{},"tags":[]},{"ancestorTitles":["AppsPage"],"fullName":"AppsPage renders declared tool app fields as a structured form","status":"passed","title":"renders declared tool app fields as a structured form","duration":138.23589999999967,"failureMessages":[],"meta":{},"tags":[]},{"ancestorTitles":["AppsPage"],"fullName":"AppsPage uses the first select option as the default field value","status":"passed","title":"uses the first select option as the default field value","duration":105.84970000000067,"failureMessages":[],"meta":{},"tags":[]},{"ancestorTitles":["AppsPage"],"fullName":"AppsPage adds a select default value to field options when installing apps","status":"passed","title":"adds a select default value to field options when installing apps","duration":71.24159999999938,"failureMessages":[],"meta":{},"tags":[]},{"ancestorTitles":["AppsPage"],"fullName":"AppsPage starts the bound skill when running a tool app","status":"passed","title":"starts the bound skill when running a tool app","duration":131.6869000000006,"failureMessages":[],"meta":{},"tags":[]},{"ancestorTitles":["AppsPage"],"fullName":"AppsPage checks bound skill dependencies before running installed tool apps","status":"passed","title":"checks bound skill dependencies before running installed tool apps","duration":97.97759999999835,"failureMessages":[],"meta":{},"tags":[]},{"ancestorTitles":["AppsPage"],"fullName":"AppsPage installs missing runtime dependencies and continues the installed app run","status":"passed","title":"installs missing runtime dependencies and continues the installed app run","duration":114.95469999999841,"failureMessages":[],"meta":{},"tags":[]},{"ancestorTitles":["AppsPage"],"fullName":"AppsPage blocks approval app runs when the workflow contract plan reports drift","status":"passed","title":"blocks approval app runs when the workflow contract plan reports drift","duration":57.03429999999935,"failureMessages":[],"meta":{},"tags":[]},{"ancestorTitles":["AppsPage"],"fullName":"AppsPage blocks app runs when the backend install plan reports governance review issues","status":"passed","title":"blocks app runs when the backend install plan reports governance review issues","duration":38.90900000000147,"failureMessages":[],"meta":{},"tags":[]},{"ancestorTitles":["AppsPage"],"fullName":"AppsPage installs missing workflow dependencies before starting approval app instances","status":"passed","title":"installs missing workflow dependencies before starting approval app instances","duration":76.2437000000009,"failureMessages":[],"meta":{},"tags":[]},{"ancestorTitles":["AppsPage"],"fullName":"AppsPage blocks enterprise normal app MIS operations when only appSkill is unavailable","status":"passed","title":"blocks enterprise normal app MIS operations when only appSkill is unavailable","duration":64.6864999999998,"failureMessages":[],"meta":{},"tags":[]},{"ancestorTitles":["AppsPage"],"fullName":"AppsPage does not block runtime when a blocking dependency belongs to another app","status":"passed","title":"does not block runtime when a blocking dependency belongs to another app","duration":46.70299999999952,"failureMessages":[],"meta":{},"tags":[]},{"ancestorTitles":["AppsPage"],"fullName":"AppsPage passes selected file metadata to skill app runs","status":"passed","title":"passes selected file metadata to skill app runs","duration":40.17289999999957,"failureMessages":[],"meta":{},"tags":[]},{"ancestorTitles":["AppsPage"],"fullName":"AppsPage treats empty skill run ids as failed starts","status":"passed","title":"treats empty skill run ids as failed starts","duration":59.73819999999978,"failureMessages":[],"meta":{},"tags":[]},{"ancestorTitles":["AppsPage"],"fullName":"AppsPage passes multiple selected files to skill app runs when enabled","status":"passed","title":"passes multiple selected files to skill app runs when enabled","duration":90.38559999999961,"failureMessages":[],"meta":{},"tags":[]},{"ancestorTitles":["AppsPage"],"fullName":"AppsPage blocks oversized files before staging tool app runs","status":"passed","title":"blocks oversized files before staging tool app runs","duration":31.70969999999943,"failureMessages":[],"meta":{},"tags":[]},{"ancestorTitles":["AppsPage"],"fullName":"AppsPage renders skill run steps and artifact status","status":"passed","title":"renders skill run steps and artifact status","duration":122.26450000000114,"failureMessages":[],"meta":{},"tags":[]},{"ancestorTitles":["AppsPage"],"fullName":"AppsPage downloads remote-only artifact before opening it","status":"passed","title":"downloads remote-only artifact before opening it","duration":107.82330000000002,"failureMessages":[],"meta":{},"tags":[]},{"ancestorTitles":["AppsPage"],"fullName":"AppsPage keeps tool app run history capped at eight entries","status":"passed","title":"keeps tool app run history capped at eight entries","duration":342.3613999999998,"failureMessages":[],"meta":{},"tags":[]},{"ancestorTitles":["AppsPage"],"fullName":"AppsPage can cancel a running tool app skill run","status":"passed","title":"can cancel a running tool app skill run","duration":99.02559999999903,"failureMessages":[],"meta":{},"tags":[]},{"ancestorTitles":["AppsPage"],"fullName":"AppsPage renders mixed tool apps with file and parameter inputs","status":"passed","title":"renders mixed tool apps with file and parameter inputs","duration":73.73049999999967,"failureMessages":[],"meta":{},"tags":[]},{"ancestorTitles":["AppsPage"],"fullName":"AppsPage runs an enterprise app with dynamic DataSrv capability binding","status":"passed","title":"runs an enterprise app with dynamic DataSrv capability binding","duration":54.79079999999885,"failureMessages":[],"meta":{},"tags":[]},{"ancestorTitles":["AppsPage"],"fullName":"AppsPage renders enterprise normal apps as business workspaces without approval instances","status":"passed","title":"renders enterprise normal apps as business workspaces without approval instances","duration":89.92429999999877,"failureMessages":[],"meta":{},"tags":[]},{"ancestorTitles":["AppsPage"],"fullName":"AppsPage publishes enterprise normal app evidence from an actual DataSrv business run","status":"passed","title":"publishes enterprise normal app evidence from an actual DataSrv business run","duration":88.37700000000041,"failureMessages":[],"meta":{},"tags":[]},{"ancestorTitles":["AppsPage"],"fullName":"AppsPage shows structured business errors for enterprise normal app operations","status":"passed","title":"shows structured business errors for enterprise normal app operations","duration":47.914600000000064,"failureMessages":[],"meta":{},"tags":[]},{"ancestorTitles":["AppsPage"],"fullName":"AppsPage runs enterprise normal appSkills with MIS business payloads","status":"passed","title":"runs enterprise normal appSkills with MIS business payloads","duration":127.2471000000005,"failureMessages":[],"meta":{},"tags":[]},{"ancestorTitles":["AppsPage"],"fullName":"AppsPage renders backend dashboard workspace layouts and keeps them editable","status":"passed","title":"renders backend dashboard workspace layouts and keeps them editable","duration":97.96759999999995,"failureMessages":[],"meta":{},"tags":[]},{"ancestorTitles":["AppsPage"],"fullName":"AppsPage saves enterprise normal business bindings from App Studio into the manifest","status":"passed","title":"saves enterprise normal business bindings from App Studio into the manifest","duration":314.97979999999916,"failureMessages":[],"meta":{},"tags":[]},{"ancestorTitles":["AppsPage"],"fullName":"AppsPage uses visual enterprise UI navigation and columns at runtime","status":"passed","title":"uses visual enterprise UI navigation and columns at runtime","duration":33.014100000000326,"failureMessages":[],"meta":{},"tags":[]},{"ancestorTitles":["AppsPage"],"fullName":"AppsPage edits enterprise normal business bindings and uses them in appSkill payloads","status":"passed","title":"edits enterprise normal business bindings and uses them in appSkill payloads","duration":354.0575999999983,"failureMessages":[],"meta":{},"tags":[]},{"ancestorTitles":["AppsPage"],"fullName":"AppsPage edits visual result contract settings and persists them","status":"passed","title":"edits visual result contract settings and persists them","duration":240.83280000000013,"failureMessages":[],"meta":{},"tags":[]},{"ancestorTitles":["AppsPage"],"fullName":"AppsPage persists app order changes from app studio management","status":"passed","title":"persists app order changes from app studio management","duration":97.28450000000157,"failureMessages":[],"meta":{},"tags":[]},{"ancestorTitles":["AppsPage"],"fullName":"AppsPage moves apps directly to the top and bottom from app studio management","status":"passed","title":"moves apps directly to the top and bottom from app studio management","duration":94.5435000000034,"failureMessages":[],"meta":{},"tags":[]},{"ancestorTitles":["AppsPage"],"fullName":"AppsPage filters app studio management by search and category","status":"passed","title":"filters app studio management by search and category","duration":91.14029999999912,"failureMessages":[],"meta":{},"tags":[]},{"ancestorTitles":["AppsPage"],"fullName":"AppsPage shows app manifest definitions from app studio management","status":"passed","title":"shows app manifest definitions from app studio management","duration":65.11839999999938,"failureMessages":[],"meta":{},"tags":[]},{"ancestorTitles":["AppsPage"],"fullName":"AppsPage opens app editing in a dialog instead of expanding the management list","status":"passed","title":"opens app editing in a dialog instead of expanding the management list","duration":201.28139999999985,"failureMessages":[],"meta":{},"tags":[]},{"ancestorTitles":["AppsPage"],"fullName":"AppsPage edits built-in app metadata from app studio management and persists it","status":"passed","title":"edits built-in app metadata from app studio management and persists it","duration":280.3057000000008,"failureMessages":[],"meta":{},"tags":[]},{"ancestorTitles":["AppsPage"],"fullName":"AppsPage duplicates an app from app studio management and keeps the source skill binding","status":"passed","title":"duplicates an app from app studio management and keeps the source skill binding","duration":119.62089999999807,"failureMessages":[],"meta":{},"tags":[]},{"ancestorTitles":["AppsPage"],"fullName":"AppsPage deletes duplicated local apps and clears their run history","status":"passed","title":"deletes duplicated local apps and clears their run history","duration":63.565599999998085,"failureMessages":[],"meta":{},"tags":[]},{"ancestorTitles":["AppsPage"],"fullName":"AppsPage edits tool app runtime modes from app studio management","status":"passed","title":"edits tool app runtime modes from app studio management","duration":120.59919999999693,"failureMessages":[],"meta":{},"tags":[]},{"ancestorTitles":["AppsPage"],"fullName":"AppsPage edits app studio layout visually and persists it","status":"passed","title":"edits app studio layout visually and persists it","duration":130.956299999998,"failureMessages":[],"meta":{},"tags":[]},{"ancestorTitles":["AppsPage"],"fullName":"AppsPage invalidates installed evidence snapshots when visual layout edits change the app definition","status":"passed","title":"invalidates installed evidence snapshots when visual layout edits change the app definition","duration":105.18790000000081,"failureMessages":[],"meta":{},"tags":[]},{"ancestorTitles":["AppsPage"],"fullName":"AppsPage edits approval workflow node mappings visually and persists them","status":"passed","title":"edits approval workflow node mappings visually and persists them","duration":103.88220000000001,"failureMessages":[],"meta":{},"tags":[]},{"ancestorTitles":["AppsPage"],"fullName":"AppsPage edits a tool app skill binding from app studio management","status":"passed","title":"edits a tool app skill binding from app studio management","duration":230.95569999999861,"failureMessages":[],"meta":{},"tags":[]},{"ancestorTitles":["AppsPage"],"fullName":"AppsPage shows an error when a custom app icon upload is unsupported","status":"passed","title":"shows an error when a custom app icon upload is unsupported","duration":98.0477000000028,"failureMessages":[],"meta":{},"tags":[]},{"ancestorTitles":["AppsPage"],"fullName":"AppsPage writes custom app icons back into single-file skill app definitions","status":"passed","title":"writes custom app icons back into single-file skill app definitions","duration":88.6215000000011,"failureMessages":[],"meta":{},"tags":[]},{"ancestorTitles":["AppsPage"],"fullName":"AppsPage writes enterprise approval skill apps back with dynamic layout and workflow bindings","status":"passed","title":"writes enterprise approval skill apps back with dynamic layout and workflow bindings","duration":85.07140000000072,"failureMessages":[],"meta":{},"tags":[]},{"ancestorTitles":["AppsPage"],"fullName":"AppsPage edits tool app structured fields from app studio management","status":"passed","title":"edits tool app structured fields from app studio management","duration":137.11989999999787,"failureMessages":[],"meta":{},"tags":[]},{"ancestorTitles":["AppsPage"],"fullName":"AppsPage copies the installed apps as an app pack manifest","status":"passed","title":"copies the installed apps as an app pack manifest","duration":58.973400000002584,"failureMessages":[],"meta":{},"tags":[]},{"ancestorTitles":["AppsPage"],"fullName":"AppsPage keeps explicit enterprise skill dependency metadata when exporting an app pack","status":"passed","title":"keeps explicit enterprise skill dependency metadata when exporting an app pack","duration":69.8744000000006,"failureMessages":[],"meta":{},"tags":[]},{"ancestorTitles":["AppsPage"],"fullName":"AppsPage shows market apps as a list and adds one to the panel","status":"passed","title":"shows market apps as a list and adds one to the panel","duration":77.76369999999952,"failureMessages":[],"meta":{},"tags":[]},{"ancestorTitles":["AppsPage"],"fullName":"AppsPage installs approved Hub MaClaw Apps from market search results","status":"passed","title":"installs approved Hub MaClaw Apps from market search results","duration":123.1768000000011,"failureMessages":[],"meta":{},"tags":[]},{"ancestorTitles":["AppsPage"],"fullName":"AppsPage ignores Hub MaClaw App search results without an app id","status":"passed","title":"ignores Hub MaClaw App search results without an app id","duration":69.95759999999791,"failureMessages":[],"meta":{},"tags":[]},{"ancestorTitles":["AppsPage"],"fullName":"AppsPage blocks one-click market install when a required dependency is unavailable","status":"passed","title":"blocks one-click market install when a required dependency is unavailable","duration":73.65630000000237,"failureMessages":[],"meta":{},"tags":[]},{"ancestorTitles":["AppsPage"],"fullName":"AppsPage installs an app from a pasted market manifest","status":"passed","title":"installs an app from a pasted market manifest","duration":70.92059999999765,"failureMessages":[],"meta":{},"tags":[]},{"ancestorTitles":["AppsPage"],"fullName":"AppsPage shows DataSrv registration status after installing an enterprise normal DataSrv app manifest","status":"passed","title":"shows DataSrv registration status after installing an enterprise normal DataSrv app manifest","duration":105.56390000000101,"failureMessages":[],"meta":{},"tags":[]},{"ancestorTitles":["AppsPage"],"fullName":"AppsPage blocks enterprise app installation when install evidence cannot be saved","status":"passed","title":"blocks enterprise app installation when install evidence cannot be saved","duration":74.5619000000006,"failureMessages":[],"meta":{},"tags":[]},{"ancestorTitles":["AppsPage"],"fullName":"AppsPage does not exceed the pinned app limit when installing pinned market apps","status":"passed","title":"does not exceed the pinned app limit when installing pinned market apps","duration":106.4471999999987,"failureMessages":[],"meta":{},"tags":[]},{"ancestorTitles":["AppsPage"],"fullName":"AppsPage installs tool apps from a pasted maclaw.apps.json manifest","status":"passed","title":"installs tool apps from a pasted maclaw.apps.json manifest","duration":69.89630000000034,"failureMessages":[],"meta":{},"tags":[]},{"ancestorTitles":["AppsPage"],"fullName":"AppsPage upgrades installed market apps when a higher manifest version is pasted","status":"passed","title":"upgrades installed market apps when a higher manifest version is pasted","duration":114.95739999999932,"failureMessages":[],"meta":{},"tags":[]},{"ancestorTitles":["AppsPage"],"fullName":"AppsPage shows dependency verification in market package preview and install results","status":"passed","title":"shows dependency verification in market package preview and install results","duration":91.18249999999898,"failureMessages":[],"meta":{},"tags":[]},{"ancestorTitles":["AppsPage"],"fullName":"AppsPage previews manifest apps before installing from market","status":"passed","title":"previews manifest apps before installing from market","duration":75.52980000000025,"failureMessages":[],"meta":{},"tags":[]},{"ancestorTitles":["AppsPage"],"fullName":"AppsPage installs only selected apps from the market preview","status":"passed","title":"installs only selected apps from the market preview","duration":72.77180000000226,"failureMessages":[],"meta":{},"tags":[]},{"ancestorTitles":["AppsPage"],"fullName":"AppsPage installs dependencies and records audit only for selected apps in a pasted pack","status":"passed","title":"installs dependencies and records audit only for selected apps in a pasted pack","duration":98.05389999999898,"failureMessages":[],"meta":{},"tags":[]},{"ancestorTitles":["AppsPage"],"fullName":"AppsPage scopes pasted pack dependency verification to selected apps","status":"passed","title":"scopes pasted pack dependency verification to selected apps","duration":85.50369999999748,"failureMessages":[],"meta":{},"tags":[]},{"ancestorTitles":["AppsPage"],"fullName":"AppsPage does not bypass dependency installation when market preview plan is still loading","status":"passed","title":"does not bypass dependency installation when market preview plan is still loading","duration":87.95190000000002,"failureMessages":[],"meta":{},"tags":[]},{"ancestorTitles":["AppsPage"],"fullName":"AppsPage keeps dependency verification visible after single market app install","status":"passed","title":"keeps dependency verification visible after single market app install","duration":93.94570000000022,"failureMessages":[],"meta":{},"tags":[]},{"ancestorTitles":["AppsPage"],"fullName":"AppsPage blocks single market app install when backend governance review fails","status":"passed","title":"blocks single market app install when backend governance review fails","duration":41.965000000000146,"failureMessages":[],"meta":{},"tags":[]},{"ancestorTitles":["AppsPage"],"fullName":"AppsPage restores single app install evidence from top-level market install records","status":"passed","title":"restores single app install evidence from top-level market install records","duration":66.42699999999968,"failureMessages":[],"meta":{},"tags":[]},{"ancestorTitles":["AppsPage"],"fullName":"AppsPage restores dynamic layout and install evidence from stored app entries after cold start","status":"passed","title":"restores dynamic layout and install evidence from stored app entries after cold start","duration":48.57879999999932,"failureMessages":[],"meta":{},"tags":[]},{"ancestorTitles":["AppsPage"],"fullName":"AppsPage shows recent app install records in the market pane","status":"passed","title":"shows recent app install records in the market pane","duration":99.87670000000071,"failureMessages":[],"meta":{},"tags":[]},{"ancestorTitles":["AppsPage"],"fullName":"AppsPage blocks market install when a required dependency has a version mismatch","status":"passed","title":"blocks market install when a required dependency has a version mismatch","duration":93.16629999999714,"failureMessages":[],"meta":{},"tags":[]},{"ancestorTitles":["AppsPage"],"fullName":"AppsPage blocks pasted approval app installation when workflow contract verification fails","status":"passed","title":"blocks pasted approval app installation when workflow contract verification fails","duration":93.65590000000157,"failureMessages":[],"meta":{},"tags":[]},{"ancestorTitles":["AppsPage"],"fullName":"AppsPage blocks pasted app installation when governance review fails","status":"passed","title":"blocks pasted app installation when governance review fails","duration":109.40529999999853,"failureMessages":[],"meta":{},"tags":[]},{"ancestorTitles":["AppsPage"],"fullName":"AppsPage supports select all and select none in market install preview","status":"passed","title":"supports select all and select none in market install preview","duration":85.79509999999937,"failureMessages":[],"meta":{},"tags":[]},{"ancestorTitles":["AppsPage"],"fullName":"AppsPage preserves custom uploaded-style app icons from installed manifests","status":"passed","title":"preserves custom uploaded-style app icons from installed manifests","duration":65.90399999999863,"failureMessages":[],"meta":{},"tags":[]},{"ancestorTitles":["AppsPage"],"fullName":"AppsPage uses installed skill app output modes in the runtime UI","status":"passed","title":"uses installed skill app output modes in the runtime UI","duration":66.29099999999744,"failureMessages":[],"meta":{},"tags":[]},{"ancestorTitles":["AppsPage"],"fullName":"AppsPage auto-registers installed MaClaw App skills in the app panel","status":"passed","title":"auto-registers installed MaClaw App skills in the app panel","duration":36.554299999999785,"failureMessages":[],"meta":{},"tags":[]},{"ancestorTitles":["AppsPage"],"fullName":"AppsPage restores enterprise MaClaw App skill definitions without downgrading them to tool apps","status":"passed","title":"restores enterprise MaClaw App skill definitions without downgrading them to tool apps","duration":31.20890000000145,"failureMessages":[],"meta":{},"tags":[]},{"ancestorTitles":["AppsPage"],"fullName":"AppsPage installs apps from a pasted app pack manifest","status":"passed","title":"installs apps from a pasted app pack manifest","duration":66.18629999999757,"failureMessages":[],"meta":{},"tags":[]},{"ancestorTitles":["AppsPage"],"fullName":"AppsPage skips duplicate apps when installing pasted manifests","status":"passed","title":"skips duplicate apps when installing pasted manifests","duration":87.27049999999872,"failureMessages":[],"meta":{},"tags":[]},{"ancestorTitles":["AppsPage"],"fullName":"AppsPage treats market-prefixed and built-in app ids as the same install identity","status":"passed","title":"treats market-prefixed and built-in app ids as the same install identity","duration":62.150400000002264,"failureMessages":[],"meta":{},"tags":[]},{"ancestorTitles":["AppsPage"],"fullName":"AppsPage shows detailed errors for invalid pasted manifests","status":"passed","title":"shows detailed errors for invalid pasted manifests","duration":142.48579999999856,"failureMessages":[],"meta":{},"tags":[]},{"ancestorTitles":["AppsPage"],"fullName":"AppsPage shows detailed errors for invalid app pack manifests","status":"passed","title":"shows detailed errors for invalid app pack manifests","duration":42.321100000001024,"failureMessages":[],"meta":{},"tags":[]},{"ancestorTitles":["AppsPage"],"fullName":"AppsPage removes apps from the panel, closes their runtime tabs, and persists hidden built-ins","status":"passed","title":"removes apps from the panel, closes their runtime tabs, and persists hidden built-ins","duration":70.77279999999882,"failureMessages":[],"meta":{},"tags":[]},{"ancestorTitles":["AppsPage"],"fullName":"AppsPage syncs Hub revoked and republished queue states into installed app availability","status":"passed","title":"syncs Hub revoked and republished queue states into installed app availability","duration":83.68860000000132,"failureMessages":[],"meta":{},"tags":[]},{"ancestorTitles":["AppsPage"],"fullName":"AppsPage disables apps without hiding entries, blocks launch, and persists the disabled state","status":"passed","title":"disables apps without hiding entries, blocks launch, and persists the disabled state","duration":115.72099999999773,"failureMessages":[],"meta":{},"tags":[]},{"ancestorTitles":["AppsPage"],"fullName":"AppsPage restores hidden built-in apps from app studio management","status":"passed","title":"restores hidden built-in apps from app studio management","duration":73.19549999999799,"failureMessages":[],"meta":{},"tags":[]},{"ancestorTitles":["AppsPage"],"fullName":"AppsPage filters hidden apps in app studio management","status":"passed","title":"filters hidden apps in app studio management","duration":67.85000000000218,"failureMessages":[],"meta":{},"tags":[]},{"ancestorTitles":["AppsPage"],"fullName":"AppsPage keeps pinned apps capped at two rows","status":"passed","title":"keeps pinned apps capped at two rows","duration":57.45969999999943,"failureMessages":[],"meta":{},"tags":[]},{"ancestorTitles":["AppsPage"],"fullName":"AppsPage turns DataSrv capabilities into addable app candidates","status":"passed","title":"turns DataSrv capabilities into addable app candidates","duration":136.35919999999896,"failureMessages":[],"meta":{},"tags":[]},{"ancestorTitles":["AppsPage"],"fullName":"AppsPage restores DataSrv installed enterprise normal app run evidence into app candidates","status":"passed","title":"restores DataSrv installed enterprise normal app run evidence into app candidates","duration":91.17139999999927,"failureMessages":[],"meta":{},"tags":[]},{"ancestorTitles":["AppsPage"],"fullName":"AppsPage turns DataSrv installed MaClaw apps into addable app candidates with layout metadata","status":"passed","title":"turns DataSrv installed MaClaw apps into addable app candidates with layout metadata","duration":167.40730000000258,"failureMessages":[],"meta":{},"tags":[]},{"ancestorTitles":["AppsPage"],"fullName":"AppsPage blocks DataSrv installed MaClaw apps at runtime when dependency verification fails","status":"passed","title":"blocks DataSrv installed MaClaw apps at runtime when dependency verification fails","duration":140.3109000000004,"failureMessages":[],"meta":{},"tags":[]},{"ancestorTitles":["AppsPage"],"fullName":"AppsPage turns skill maclaw.apps.json entries into registered tool apps","status":"passed","title":"turns skill maclaw.apps.json entries into registered tool apps","duration":104.6913999999997,"failureMessages":[],"meta":{},"tags":[]}],"startTime":1782625635778,"endTime":1782625655673.6914,"status":"passed","message":"","name":"D:/workprj/aicoder/gui/frontend/src/components/pages/__tests__/AppsPage.test.tsx"}]}